#
# A fatal error has been detected by the Java Runtime Environment:
#
#  Internal Error (javaClasses.cpp:124), pid=2460, tid=3124
#  fatal error: Invalid layout of preloaded class
#
# JRE version:  (8.0_05-b13) (build )
# Java VM: Java HotSpot(TM) Client VM (25.5-b02 mixed mode windows-x86 )
# Failed to write core dump. Minidumps are not enabled by default on client versions of Windows
#
# If you would like to submit a bug report, please visit:
#   http://bugreport.sun.com/bugreport/crash.jsp
#

---------------  T H R E A D  ---------------

Current thread (0x00dbbc00):  JavaThread "Unknown thread" [_thread_in_vm, id=3124, stack(0x00de0000,0x00e30000)]

Stack: [0x00de0000,0x00e30000],  sp=0x00e2f808,  free space=318k
Native frames: (J=compiled Java code, j=interpreted, Vv=VM code, C=native code)
V  [jvm.dll+0x1921e8]
V  [jvm.dll+0x18b2e6]
V  [jvm.dll+0x3aafa]
V  [jvm.dll+0x3acb0]
V  [jvm.dll+0x499f3]
V  [jvm.dll+0x9c1ae]
V  [jvm.dll+0x9c472]
V  [jvm.dll+0x140ae1]
V  [jvm.dll+0x1647e8]
V  [jvm.dll+0xd8c61]
C  [javaw.exe+0x13ce]
C  [javaw.exe+0x1e85]
C  [javaw.exe+0xab71]
C  [javaw.exe+0xabfb]
C  [kernel32.dll+0x4ed5c]
C  [ntdll.dll+0x637eb]
C  [ntdll.dll+0x637be]


---------------  P R O C E S S  ---------------

Java Threads: ( => current thread )

Other Threads:

=>0x00dbbc00 (exited) JavaThread "Unknown thread" [_thread_in_vm, id=3124, stack(0x00de0000,0x00e30000)]

VM state:not at safepoint (not fully initialized)

VM Mutex/Monitor currently owned by a thread: None

GC Heap History (0 events):
No events

Deoptimization events (0 events):
No events

Internal exceptions (0 events):
No events

Events (10 events):
Event: 0.011 loading class java/lang/CharSequence done
Event: 0.011 loading class java/lang/String done
Event: 0.011 loading class java/lang/Class
Event: 0.011 loading class java/lang/reflect/AnnotatedElement
Event: 0.011 loading class java/lang/reflect/AnnotatedElement done
Event: 0.011 loading class java/lang/reflect/GenericDeclaration
Event: 0.011 loading class java/lang/reflect/GenericDeclaration done
Event: 0.011 loading class java/lang/reflect/Type
Event: 0.011 loading class java/lang/reflect/Type done
Event: 0.011 loading class java/lang/Class done


Dynamic libraries:
0x01070000 - 0x010a0000 	C:\pleiades\java\8\bin\javaw.exe
0x778d0000 - 0x77a0c000 	C:\Windows\SYSTEM32\ntdll.dll
0x75f10000 - 0x75fe4000 	C:\Windows\system32\kernel32.dll
0x75a50000 - 0x75a9b000 	C:\Windows\system32\KERNELBASE.dll
0x77830000 - 0x778d0000 	C:\Windows\system32\ADVAPI32.dll
0x75c70000 - 0x75d1c000 	C:\Windows\system32\msvcrt.dll
0x76c90000 - 0x76ca9000 	C:\Windows\SYSTEM32\sechost.dll
0x77780000 - 0x77822000 	C:\Windows\system32\RPCRT4.dll
0x776b0000 - 0x77779000 	C:\Windows\system32\USER32.dll
0x75ff0000 - 0x7603e000 	C:\Windows\system32\GDI32.dll
0x76f70000 - 0x76f7a000 	C:\Windows\system32\LPK.dll
0x77a40000 - 0x77add000 	C:\Windows\system32\USP10.dll
0x74630000 - 0x747ce000 	C:\Windows\WinSxS\x86_microsoft.windows.common-controls_6595b64144ccf1df_6.0.7601.17514_none_41e6975e2bd6f2b2\COMCTL32.dll
0x77120000 - 0x77177000 	C:\Windows\system32\SHLWAPI.dll
0x77ae0000 - 0x77aff000 	C:\Windows\system32\IMM32.DLL
0x76ea0000 - 0x76f6c000 	C:\Windows\system32\MSCTF.dll
0x62ff0000 - 0x630af000 	C:\pleiades\java\8\bin\msvcr100.dll
0x62630000 - 0x629c6000 	C:\pleiades\java\8\bin\client\jvm.dll
0x70350000 - 0x70357000 	C:\Windows\system32\WSOCK32.dll
0x77180000 - 0x771b5000 	C:\Windows\system32\WS2_32.dll
0x77a20000 - 0x77a26000 	C:\Windows\system32\NSI.dll
0x736e0000 - 0x73712000 	C:\Windows\system32\WINMM.dll
0x77a30000 - 0x77a35000 	C:\Windows\system32\PSAPI.DLL
0x74aa0000 - 0x74aac000 	C:\pleiades\java\8\bin\verify.dll
0x6f6e0000 - 0x6f701000 	C:\pleiades\java\8\bin\java.dll
0x71240000 - 0x71253000 	C:\pleiades\java\8\bin\zip.dll
0x6ff50000 - 0x7003b000 	C:\Windows\system32\dbghelp.dll

VM Arguments:
jvm_args: -Dfile.encoding=UTF-8 -Xbootclasspath:C:\1301167_ADK\platforms\android-17\android.jar 
java_command: com.android.fukuro.MkdirActivity
java_class_path (initial): C:\workspace_ken\Fukuro\bin\classes;C:\workspace_ken\Fukuro\libs\android-support-v4.jar
Launcher Type: SUN_STANDARD

Environment Variables:
JAVA_HOME=C:\Program Files\Java\jdk1.7.0_51
PATH=C:/pleiades/eclipse/jre/bin/client;C:/pleiades/eclipse/jre/bin;C:/pleiades/eclipse/jre/lib/i386;C:\Windows\system32;C:\Windows;C:\Windows\System32\Wbem;C:\Windows\System32\WindowsPowerShell\v1.0\;C:\Program Files\Intel\WiFi\bin\;C:\Program Files\Common Files\Intel\WirelessCommon\;C:\Program Files\Microsoft\Web Platform Installer\;C:\Program Files\Microsoft ASP.NET\ASP.NET Web Pages\v1.0\;C:\Program Files\Windows Kits\8.0\Windows Performance Toolkit\;C:\Program Files\Microsoft SQL Server\110\Tools\Binn\;c:\apps\Terapad\;C:\Program Files\Java\jdk1.7.0_51\bin\;C:\Program Files\nodejs\;C:\Program Files\Java\jdk1.7.0_51\bin;C:\pleiades\eclipse;
USERNAME=student
OS=Windows_NT
PROCESSOR_IDENTIFIER=x86 Family 6 Model 60 Stepping 3, GenuineIntel



---------------  S Y S T E M  ---------------

OS: Windows 7 Build 7601 Service Pack 1

CPU:total 4 (2 cores per cpu, 2 threads per core) family 6 model 60 stepping 3, cmov, cx8, fxsr, mmx, sse, sse2, sse3, ssse3, sse4.1, sse4.2, popcnt, avx, avx2, aes, clmul, erms, ht, tsc, tscinvbit

Memory: 4k page, physical 3581472k(1263820k free), swap 7161192k(4551044k free)

vm_info: Java HotSpot(TM) Client VM (25.5-b02) for windows-x86 JRE (1.8.0_05-b13), built on Mar 18 2014 01:14:47 by "java_re" with MS VC++ 10.0 (VS2010)

time: Wed Oct 08 11:42:36 2014
elapsed time: 0 seconds

